Arguments: 
  /usr/local/bin/node /Users/bmagalong/.yarn/bin/yarn.js add slugify

PATH: 
  /Users/bmagalong/.yarn/bin:/Users/bmagalong/.config/yarn/global/node_modules/.bin:/usr/local/bin:/usr/bin:/bin:/usr/sbin:/sbin:/Users/bmagalong/.yarn/bin:/Users/bmagalong/.config/yarn/global/node_modules/.bin

Yarn version: 
  1.22.5

Node version: 
  10.15.3

Platform: 
  darwin x64

Trace: 
  Error: EACCES: permission denied, mkdir '/Applications/MAMP/htdocs/html/node-bootcamp/4-natours/starter/node_modules/@babel/highlight/node_modules/has-flag'

npm manifest: 
  {
    "name": "natours",
    "version": "1.0.0",
    "description": "Learning node, express, mongodb",
    "main": "app.js",
    "scripts": {
      "test": "echo \"Error: no test specified\" && exit 1",
      "start": "nodemon server.js",
      "start:prod": "NODE_ENV=production nodemon server.js"
    },
    "author": "Bryan MAGALONG",
    "license": "ISC",
    "dependencies": {
      "dotenv": "^8.2.0",
      "express": "^4.17.1",
      "mongoose": "^5.10.16",
      "morgan": "^1.10.0"
    },
    "devDependencies": {
      "eslint": "^7.13.0",
      "eslint-config-airbnb": "^18.2.1",
      "eslint-config-prettier": "^6.15.0",
      "eslint-plugin-import": "^2.22.1",
      "eslint-plugin-jsx-a11y": "^6.4.1",
      "eslint-plugin-node": "^11.1.0",
      "eslint-plugin-prettier": "^3.1.4",
      "eslint-plugin-react": "^7.21.5",
      "prettier": "^2.1.2"
    },
    "engines": {
      "node": ">=10.0.0"
    }
  }

yarn manifest: 
  No manifest

Lockfile: 
  No lockfile
